{
  "stats": {
    "suites": 0,
    "tests": 2,
    "passes": 2,
    "pending": 0,
    "failures": 0,
    "start": "2022-08-26T08:19:36.797Z",
    "end": "2022-08-26T08:20:00.654Z",
    "duration": 23857,
    "testsRegistered": 2,
    "passPercent": 100,
    "pendingPercent": 0,
    "other": 0,
    "hasOther": false,
    "skipped": 0,
    "hasSkipped": false
  },
  "results": [
    {
      "uuid": "7cc96646-5bdc-4563-afc4-dff79fbcf0df",
      "title": "",
      "fullFile": "cypress\\e2e\\GoogleSearch.cy.js",
      "file": "cypress\\e2e\\GoogleSearch.cy.js",
      "beforeHooks": [],
      "afterHooks": [],
      "tests": [
        {
          "title": "Google search 1st Test",
          "fullTitle": "Google search 1st Test",
          "timedOut": null,
          "duration": 12344,
          "state": "passed",
          "speed": "slow",
          "pass": true,
          "fail": false,
          "pending": false,
          "context": null,
          "code": "cy.log('Google 1st Test starts');\ncy.visit('https://google.com');\ncy.get('.gLFyf').type('cypress{enter}');\ncy.log('Google 1st Test ends');",
          "err": {},
          "uuid": "e73d723a-274d-4147-ae6d-612bc3644ff0",
          "parentUUID": "7cc96646-5bdc-4563-afc4-dff79fbcf0df",
          "isHook": false,
          "skipped": false
        },
        {
          "title": "Google search 2nd Test",
          "fullTitle": "Google search 2nd Test",
          "timedOut": null,
          "duration": 8035,
          "state": "passed",
          "speed": "medium",
          "pass": true,
          "fail": false,
          "pending": false,
          "context": null,
          "code": "cy.log('Google 2nd Test starts');\ncy.visit('https://google.com');\ncy.get('.gLFyf').type('cypress{enter}');\ncy.log('Google 2nd Test ends');",
          "err": {},
          "uuid": "28a625d0-0c0b-403b-a1ba-fae3460e51c5",
          "parentUUID": "7cc96646-5bdc-4563-afc4-dff79fbcf0df",
          "isHook": false,
          "skipped": false
        }
      ],
      "suites": [],
      "passes": [
        "e73d723a-274d-4147-ae6d-612bc3644ff0",
        "28a625d0-0c0b-403b-a1ba-fae3460e51c5"
      ],
      "failures": [],
      "pending": [],
      "skipped": [],
      "duration": 20379,
      "root": true,
      "rootEmpty": false,
      "_timeout": 2000
    }
  ],
  "meta": {
    "mocha": {
      "version": "7.0.1"
    },
    "mochawesome": {
      "options": {
        "quiet": false,
        "reportFilename": "mochawesome",
        "saveHtml": false,
        "saveJson": true,
        "consoleReporter": "spec",
        "useInlineDiffs": false,
        "code": true
      },
      "version": "7.1.3"
    },
    "marge": {
      "options": {
        "charts": true,
        "overwrite": false,
        "html": false,
        "json": true,
        "reportDir": "cypress/reports"
      },
      "version": "6.2.0"
    }
  }
}