{
  "stats": {
    "suites": 0,
    "tests": 1,
    "passes": 1,
    "pending": 0,
    "failures": 0,
    "start": "2022-08-26T08:20:21.966Z",
    "end": "2022-08-26T08:20:25.875Z",
    "duration": 3909,
    "testsRegistered": 1,
    "passPercent": 100,
    "pendingPercent": 0,
    "other": 0,
    "hasOther": false,
    "skipped": 0,
    "hasSkipped": false
  },
  "results": [
    {
      "uuid": "b65c13eb-8071-473e-a7be-fbbce2afabc1",
      "title": "",
      "fullFile": "cypress\\e2e\\LoginReports.cy.js",
      "file": "cypress\\e2e\\LoginReports.cy.js",
      "beforeHooks": [],
      "afterHooks": [],
      "tests": [
        {
          "title": "My 1st Test",
          "fullTitle": "My 1st Test",
          "timedOut": null,
          "duration": 1385,
          "state": "passed",
          "speed": "fast",
          "pass": true,
          "fail": false,
          "pending": false,
          "context": null,
          "code": "cy.log('Login 1st Test starts');\ncy.visit('https://trytestingthis.netlify.app/');\ncy.get('#uname').type('test');\ncy.get('#pwd').type('test');\ncy.get('[type=\"submit\"]').click();\ncy.log('Login 1st Test ends');",
          "err": {},
          "uuid": "e94caad1-c1f9-47f5-b7e6-a83211e1578f",
          "parentUUID": "b65c13eb-8071-473e-a7be-fbbce2afabc1",
          "isHook": false,
          "skipped": false
        }
      ],
      "suites": [],
      "passes": [
        "e94caad1-c1f9-47f5-b7e6-a83211e1578f"
      ],
      "failures": [],
      "pending": [],
      "skipped": [],
      "duration": 1385,
      "root": true,
      "rootEmpty": false,
      "_timeout": 2000
    }
  ],
  "meta": {
    "mocha": {
      "version": "7.0.1"
    },
    "mochawesome": {
      "options": {
        "quiet": false,
        "reportFilename": "mochawesome",
        "saveHtml": false,
        "saveJson": true,
        "consoleReporter": "spec",
        "useInlineDiffs": false,
        "code": true
      },
      "version": "7.1.3"
    },
    "marge": {
      "options": {
        "charts": true,
        "overwrite": false,
        "html": false,
        "json": true,
        "reportDir": "cypress/reports"
      },
      "version": "6.2.0"
    }
  }
}