{
  "stats": {
    "suites": 0,
    "tests": 1,
    "passes": 1,
    "pending": 0,
    "failures": 0,
    "start": "2022-08-26T08:18:24.800Z",
    "end": "2022-08-26T08:18:58.188Z",
    "duration": 33388,
    "testsRegistered": 1,
    "passPercent": 100,
    "pendingPercent": 0,
    "other": 0,
    "hasOther": false,
    "skipped": 0,
    "hasSkipped": false
  },
  "results": [
    {
      "uuid": "96bace0f-fb59-4f5c-8ad7-b18ccfd86fbb",
      "title": "",
      "fullFile": "cypress\\e2e\\assertions.cy.ts",
      "file": "cypress\\e2e\\assertions.cy.ts",
      "beforeHooks": [],
      "afterHooks": [],
      "tests": [
        {
          "title": "learning assertions",
          "fullTitle": "learning assertions",
          "timedOut": null,
          "duration": 13941,
          "state": "passed",
          "speed": "slow",
          "pass": true,
          "fail": false,
          "pending": false,
          "context": null,
          "code": "cy.visit('https://example.cypress.io/');\ncy.contains('get').click();\n//Implicit Assertion\ncy.get('#query-btn')\n    .should('contain', 'Button')\n    .should('have.class', 'query-btn')\n    .should('be.visible')\n    .should('be.enabled');\ncy.get('#query-btn').invoke('attr', 'id')\n    .should('equal', 'query-btn');\ncy.get('#query-btn')\n    .should('contain', 'Button')\n    .and('have.class', 'query-btn');\n//Explicit Assertion\nexpect(true).to.be.true;\nlet name = 'Dhanashri';\nexpect(name).to.be.equal('Dhanashri');\nassert.equal(4, 4, 'Not Equal');\n// assert.strictEqual(4,'4','Not Strictly Equal')",
          "err": {},
          "uuid": "529a9b31-f37a-46c7-bd18-bbed8167937e",
          "parentUUID": "96bace0f-fb59-4f5c-8ad7-b18ccfd86fbb",
          "isHook": false,
          "skipped": false
        }
      ],
      "suites": [],
      "passes": [
        "529a9b31-f37a-46c7-bd18-bbed8167937e"
      ],
      "failures": [],
      "pending": [],
      "skipped": [],
      "duration": 13941,
      "root": true,
      "rootEmpty": false,
      "_timeout": 2000
    }
  ],
  "meta": {
    "mocha": {
      "version": "7.0.1"
    },
    "mochawesome": {
      "options": {
        "quiet": false,
        "reportFilename": "mochawesome",
        "saveHtml": false,
        "saveJson": true,
        "consoleReporter": "spec",
        "useInlineDiffs": false,
        "code": true
      },
      "version": "7.1.3"
    },
    "marge": {
      "options": {
        "charts": true,
        "overwrite": false,
        "html": false,
        "json": true,
        "reportDir": "cypress/reports"
      },
      "version": "6.2.0"
    }
  }
}