{
  "stats": {
    "suites": 0,
    "tests": 1,
    "passes": 1,
    "pending": 0,
    "failures": 0,
    "start": "2022-08-26T08:20:11.017Z",
    "end": "2022-08-26T08:20:16.083Z",
    "duration": 5066,
    "testsRegistered": 1,
    "passPercent": 100,
    "pendingPercent": 0,
    "other": 0,
    "hasOther": false,
    "skipped": 0,
    "hasSkipped": false
  },
  "results": [
    {
      "uuid": "c9157806-1f7f-4365-a770-70c681a9726a",
      "title": "",
      "fullFile": "cypress\\e2e\\login.cy.ts",
      "file": "cypress\\e2e\\login.cy.ts",
      "beforeHooks": [],
      "afterHooks": [],
      "tests": [
        {
          "title": "login test",
          "fullTitle": "login test",
          "timedOut": null,
          "duration": 1759,
          "state": "passed",
          "speed": "fast",
          "pass": true,
          "fail": false,
          "pending": false,
          "context": null,
          "code": "loginPage.navigate('https://trytestingthis.netlify.app/');\nloginPage.enterUsername('test');\nloginPage.enterPassword('test');\nloginPage.clickLogin();\n// cy.visit('https://trytestingthis.netlify.app/')\n// cy.get('#uname').type('test')\n// cy.get('#pwd').type('test')\n// cy.get('[type=\"submit\"]').click()",
          "err": {},
          "uuid": "31c08820-f144-47f4-aa10-2bbfff66b073",
          "parentUUID": "c9157806-1f7f-4365-a770-70c681a9726a",
          "isHook": false,
          "skipped": false
        }
      ],
      "suites": [],
      "passes": [
        "31c08820-f144-47f4-aa10-2bbfff66b073"
      ],
      "failures": [],
      "pending": [],
      "skipped": [],
      "duration": 1759,
      "root": true,
      "rootEmpty": false,
      "_timeout": 2000
    }
  ],
  "meta": {
    "mocha": {
      "version": "7.0.1"
    },
    "mochawesome": {
      "options": {
        "quiet": false,
        "reportFilename": "mochawesome",
        "saveHtml": false,
        "saveJson": true,
        "consoleReporter": "spec",
        "useInlineDiffs": false,
        "code": true
      },
      "version": "7.1.3"
    },
    "marge": {
      "options": {
        "charts": true,
        "overwrite": false,
        "html": false,
        "json": true,
        "reportDir": "cypress/reports"
      },
      "version": "6.2.0"
    }
  }
}