{
  "stats": {
    "suites": 0,
    "tests": 1,
    "passes": 1,
    "pending": 0,
    "failures": 0,
    "start": "2022-08-26T08:20:31.602Z",
    "end": "2022-08-26T08:20:52.126Z",
    "duration": 20524,
    "testsRegistered": 1,
    "passPercent": 100,
    "pendingPercent": 0,
    "other": 0,
    "hasOther": false,
    "skipped": 0,
    "hasSkipped": false
  },
  "results": [
    {
      "uuid": "3c4b5bbe-1492-4c24-afff-858c89f83eea",
      "title": "",
      "fullFile": "cypress\\e2e\\Test1.cy.js",
      "file": "cypress\\e2e\\Test1.cy.js",
      "beforeHooks": [],
      "afterHooks": [],
      "tests": [
        {
          "title": "login test",
          "fullTitle": "login test",
          "timedOut": null,
          "duration": 16124,
          "state": "passed",
          "speed": "slow",
          "pass": true,
          "fail": false,
          "pending": false,
          "context": null,
          "code": "cy.visit('https://opensource-demo.orangehrmlive.com/web/index.php/auth/login');\ncy.get(':nth-child(2) > .oxd-input-group > :nth-child(2) > .oxd-input').type('Admin');\ncy.get(':nth-child(3) > .oxd-input-group > :nth-child(2) > .oxd-input').type('admin123');\ncy.get('.oxd-button').click();\ncy.get(':nth-child(1) > .oxd-main-menu-item > .oxd-text').click();\ncy.get('.orangehrm-header-container > .oxd-button').click();\ncy.get('.oxd-button--secondary').click();",
          "err": {},
          "uuid": "267cb368-1e90-49cd-b4b9-bebf260c3618",
          "parentUUID": "3c4b5bbe-1492-4c24-afff-858c89f83eea",
          "isHook": false,
          "skipped": false
        }
      ],
      "suites": [],
      "passes": [
        "267cb368-1e90-49cd-b4b9-bebf260c3618"
      ],
      "failures": [],
      "pending": [],
      "skipped": [],
      "duration": 16124,
      "root": true,
      "rootEmpty": false,
      "_timeout": 2000
    }
  ],
  "meta": {
    "mocha": {
      "version": "7.0.1"
    },
    "mochawesome": {
      "options": {
        "quiet": false,
        "reportFilename": "mochawesome",
        "saveHtml": false,
        "saveJson": true,
        "consoleReporter": "spec",
        "useInlineDiffs": false,
        "code": true
      },
      "version": "7.1.3"
    },
    "marge": {
      "options": {
        "charts": true,
        "overwrite": false,
        "html": false,
        "json": true,
        "reportDir": "cypress/reports"
      },
      "version": "6.2.0"
    }
  }
}